<?xml version="1.0" encoding="UTF-8"?>
<!-- Generated by org.testng.reporters.JUnitReportReporter -->
<testsuite hostname="NODE187" name="a.b.CTest" tests="1" failures="0" timestamp="2 Sep 2016 07:03:40 GMT" time="7.967" errors="0">
  <testcase name="t1" time="7.967" classname="a.b.CTest"/>
</testsuite> <!-- a.b.CTest -->
